This is pdfTeX, Version 3.14159265-2.6-1.40.18 (MiKTeX 2.9.6600 64-bit) (preloaded format=latex 2019.3.4)  10 SEP 2019 00:16
entering extended mode
**./acknowledgements.tex
(acknowledgements.tex
LaTeX2e <2017-04-15>
Babel <3.17> and hyphenation patterns for 75 language(s) loaded.

! LaTeX Error: Missing \begin{document}.

See the LaTeX manual or LaTeX Companion for explanation.
Type  H <return>  for immediate help.
 ...                                              
                                                  
l.1 \begin{center}
                  
You're in trouble here.  Try typing  <return>  to proceed.
If that doesn't work, type  X <return>  to quit.


Overfull \hbox (20.0pt too wide) in paragraph at lines 1--1
[] 
 []

Missing character: There is no Ô in font cmti10!
Missing character: There is no ñ in font cmti10!
Missing character: There is no é in font cmti10!
Missing character: There is no ì in font cmti10!
Missing character: There is no å in font cmti10!
Missing character: There is no ë in font cmti10!
Missing character: There is no Þ in font cmti10!
Missing character: There is no ò in font cmti10!
Missing character: There is no Å in font cmti10!
Missing character: There is no ð in font cmti10!
Missing character: There is no é in font cmti10!
Missing character: There is no ô in font cmti10!
Missing character: There is no ñ in font cmti10!
Missing character: There is no ï in font cmti10!
Missing character: There is no ð in font cmti10!
Missing character: There is no Þ in font cmti10!

Overfull \hbox (3.64859pt too wide) in paragraph at lines 2--2
 \OT1/cmr/m/it/10 : 
 []

Missing character: There is no Ð in font cmcsc10!
Missing character: There is no á in font cmcsc10!
Missing character: There is no ð in font cmcsc10!
Missing character: There is no á in font cmcsc10!
Missing character: There is no ó in font cmcsc10!
Missing character: There is no á in font cmcsc10!
Missing character: There is no ë in font cmcsc10!
Missing character: There is no ï in font cmcsc10!
Missing character: There is no ý in font cmcsc10!
Missing character: There is no ñ in font cmcsc10!
Missing character: There is no ï in font cmcsc10!
Missing character: There is no ò in font cmcsc10!
Missing character: There is no Á in font cmcsc10!
Missing character: There is no í in font cmcsc10!
Missing character: There is no ä in font cmcsc10!
Missing character: There is no ñ in font cmcsc10!
Missing character: There is no Ý in font cmcsc10!
Missing character: There is no á in font cmcsc10!
Missing character: There is no ò in font cmcsc10!
Missing character: There is no Í in font cmcsc10!
Missing character: There is no Ü in font cmcsc10!
Missing character: There is no ó in font cmcsc10!
Missing character: There is no ô in font cmcsc10!
Missing character: There is no ï in font cmcsc10!
Missing character: There is no õ in font cmcsc10!
Missing character: There is no Ð in font cmcsc10!
Missing character: There is no á in font cmcsc10!
Missing character: There is no í in font cmcsc10!
Missing character: There is no á in font cmcsc10!
Missing character: There is no ã in font cmcsc10!
Missing character: There is no é in font cmcsc10!
Missing character: There is no þ in font cmcsc10!
Missing character: There is no ô in font cmcsc10!
Missing character: There is no ç in font cmcsc10!
Missing character: There is no ò in font cmcsc10!
Missing character: There is no Ê in font cmcsc10!
Missing character: There is no ï in font cmcsc10!
Missing character: There is no ñ in font cmcsc10!
Missing character: There is no í in font cmcsc10!
Missing character: There is no Ü in font cmcsc10!
Missing character: There is no ñ in font cmcsc10!
Missing character: There is no ï in font cmcsc10!
Missing character: There is no ò in font cmcsc10!
Missing character: There is no × in font cmcsc10!
Missing character: There is no á in font cmcsc10!
Missing character: There is no ñ in font cmcsc10!
Missing character: There is no Ü in font cmcsc10!
Missing character: There is no ë in font cmcsc10!
Missing character: There is no á in font cmcsc10!
Missing character: There is no ì in font cmcsc10!
Missing character: There is no ð in font cmcsc10!
Missing character: There is no ï in font cmcsc10!
Missing character: There is no ò in font cmcsc10!

! LaTeX Error: The font size command \normalsize is not defined:
               there is probably something wrong with the class file.

See the LaTeX manual or LaTeX Companion for explanation.
Type  H <return>  for immediate help.
 ...                                              
                                                  
l.8 \newpage
            
Your command was ignored.
Type  I <command> <return>  to replace it with another command,
or  <return>  to continue without it.

[1]
Overfull \hbox (20.0pt too wide) in paragraph at lines 10--10
[] 
 []

Missing character: There is no Å in font cmbx10!
Missing character: There is no Õ in font cmbx10!
Missing character: There is no × in font cmbx10!
Missing character: There is no Á in font cmbx10!
Missing character: There is no Ñ in font cmbx10!
Missing character: There is no É in font cmbx10!
Missing character: There is no Ó in font cmbx10!
Missing character: There is no Ô in font cmbx10!
Missing character: There is no É in font cmbx10!
Missing character: There is no Å in font cmbx10!
Missing character: There is no Ó in font cmbx10!
Missing character: There is no Å in font nullfont!
Missing character: There is no õ in font nullfont!
Missing character: There is no ÷ in font nullfont!
Missing character: There is no á in font nullfont!
Missing character: There is no ñ in font nullfont!
Missing character: There is no é in font nullfont!
Missing character: There is no ó in font nullfont!
Missing character: There is no ô in font nullfont!
Missing character: There is no þ in font nullfont!
Missing character: There is no è in font nullfont!
Missing character: There is no å in font nullfont!
Missing character: There is no ñ in font nullfont!
Missing character: There is no ì in font nullfont!
Missing character: There is no Ü in font nullfont!
Missing character: There is no ô in font nullfont!
Missing character: There is no ï in font nullfont!
Missing character: There is no í in font nullfont!
Missing character: There is no å in font nullfont!
Missing character: There is no ð in font nullfont!
Missing character: There is no é in font nullfont!
Missing character: There is no â in font nullfont!
Missing character: There is no ë in font nullfont!
Missing character: There is no Ý in font nullfont!
Missing character: There is no ð in font nullfont!
Missing character: There is no ï in font nullfont!
Missing character: There is no í in font nullfont!
Missing character: There is no ô in font nullfont!
Missing character: There is no á in font nullfont!
Missing character: There is no ì in font nullfont!
Missing character: There is no ï in font nullfont!
Missing character: There is no õ in font nullfont!
Missing character: There is no å in font nullfont!
Missing character: There is no ð in font nullfont!
Missing character: There is no ß in font nullfont!
Missing character: There is no ê in font nullfont!
Missing character: There is no ï in font nullfont!
Missing character: There is no õ in font nullfont!
Missing character: There is no ñ in font nullfont!
Missing character: There is no ï in font nullfont!
Missing character: There is no ê in font nullfont!
Missing character: There is no á in font nullfont!
Missing character: There is no è in font nullfont!
Missing character: There is no ç in font nullfont!
Missing character: There is no ã in font nullfont!
Missing character: There is no ç in font nullfont!
Missing character: There is no ô in font nullfont!
Missing character: There is no Þ in font nullfont!
Missing character: There is no ê in font nullfont!
Missing character: There is no . in font nullfont!
Missing character: There is no Ð in font nullfont!
Missing character: There is no á in font nullfont!
Missing character: There is no ð in font nullfont!
Missing character: There is no á in font nullfont!
Missing character: There is no ó in font nullfont!
Missing character: There is no á in font nullfont!
Missing character: There is no ë in font nullfont!
Missing character: There is no ï in font nullfont!
Missing character: There is no ý in font nullfont!
Missing character: There is no ñ in font nullfont!
Missing character: There is no ï in font nullfont!
Missing character: There is no Á in font nullfont!
Missing character: There is no í in font nullfont!
Missing character: There is no ä in font nullfont!
Missing character: There is no ñ in font nullfont!
Missing character: There is no Ý in font nullfont!
Missing character: There is no á in font nullfont!
Missing character: There is no ã in font nullfont!
Missing character: There is no é in font nullfont!
Missing character: There is no á in font nullfont!
Missing character: There is no ô in font nullfont!
Missing character: There is no ç in font nullfont!
Missing character: There is no í in font nullfont!
Missing character: There is no å in font nullfont!
Missing character: There is no ì in font nullfont!
Missing character: There is no ð in font nullfont!
Missing character: There is no é in font nullfont!
Missing character: There is no ó in font nullfont!
Missing character: There is no ô in font nullfont!
Missing character: There is no ï in font nullfont!
Missing character: There is no ó in font nullfont!
Missing character: There is no ý in font nullfont!
Missing character: There is no í in font nullfont!
Missing character: There is no ç in font nullfont!
Missing character: There is no ê in font nullfont!
Missing character: There is no á in font nullfont!
Missing character: There is no é in font nullfont!
Missing character: There is no ô in font nullfont!
Missing character: There is no ç in font nullfont!
Missing character: There is no í in font nullfont!
Missing character: There is no ê in font nullfont!
Missing character: There is no á in font nullfont!
Missing character: There is no è in font nullfont!
Missing character: There is no ï in font nullfont!
Missing character: There is no ä in font nullfont!
Missing character: There is no Þ in font nullfont!
Missing character: There is no ã in font nullfont!
Missing character: There is no ç in font nullfont!
Missing character: There is no ó in font nullfont!
Missing character: There is no ç in font nullfont!
Missing character: There is no ô in font nullfont!
Missing character: There is no ï in font nullfont!
Missing character: There is no õ in font nullfont!
Missing character: There is no ó in font nullfont!
Missing character: There is no å in font nullfont!
Missing character: There is no ü in font nullfont!
Missing character: There is no ë in font nullfont!
Missing character: There is no ç in font nullfont!
Missing character: There is no ô in font nullfont!
Missing character: There is no ç in font nullfont!
Missing character: There is no í in font nullfont!
Missing character: There is no ä in font nullfont!
Missing character: There is no é in font nullfont!
Missing character: There is no Ü in font nullfont!
Missing character: There is no ñ in font nullfont!
Missing character: There is no ê in font nullfont!
Missing character: There is no å in font nullfont!
Missing character: There is no é in font nullfont!
Missing character: There is no á in font nullfont!
Missing character: There is no ô in font nullfont!
Missing character: There is no ç in font nullfont!
Missing character: There is no ò in font nullfont!
Missing character: There is no ð in font nullfont!
Missing character: There is no ñ in font nullfont!
Missing character: There is no ï in font nullfont!
Missing character: There is no ó in font nullfont!
Missing character: There is no ð in font nullfont!
Missing character: There is no Ü in font nullfont!
Missing character: There is no è in font nullfont!
Missing character: There is no å in font nullfont!
Missing character: There is no é in font nullfont!
Missing character: There is no á in font nullfont!
Missing character: There is no ò in font nullfont!
Missing character: There is no á in font nullfont!
Missing character: There is no õ in font nullfont!
Missing character: There is no ô in font nullfont!
Missing character: There is no Þ in font nullfont!
Missing character: There is no ò in font nullfont!
Missing character: There is no . in font nullfont!
Missing character: There is no Á in font nullfont!
Missing character: There is no ê in font nullfont!
Missing character: There is no ü in font nullfont!
Missing character: There is no ì in font nullfont!
Missing character: There is no ç in font nullfont!
Missing character: There is no , in font nullfont!
Missing character: There is no è in font nullfont!
Missing character: There is no á in font nullfont!
Missing character: There is no Þ in font nullfont!
Missing character: There is no è in font nullfont!
Missing character: There is no å in font nullfont!
Missing character: There is no ë in font nullfont!
Missing character: There is no á in font nullfont!
Missing character: There is no í in font nullfont!
Missing character: There is no á in font nullfont!
Missing character: There is no å in font nullfont!
Missing character: There is no õ in font nullfont!
Missing character: There is no ÷ in font nullfont!
Missing character: There is no á in font nullfont!
Missing character: There is no ñ in font nullfont!
Missing character: There is no é in font nullfont!
Missing character: There is no ó in font nullfont!
Missing character: There is no ô in font nullfont!
Missing character: There is no Þ in font nullfont!
Missing character: There is no ó in font nullfont!
Missing character: There is no ù in font nullfont!
Missing character: There is no ì in font nullfont!
Missing character: There is no Ý in font nullfont!
Missing character: There is no ó in font nullfont!
Missing character: There is no á in font nullfont!
Missing character: There is no á in font nullfont!
Missing character: There is no ð in font nullfont!
Missing character: There is no ü in font nullfont!
Missing character: There is no ô in font nullfont!
Missing character: There is no á in font nullfont!
Missing character: There is no â in font nullfont!
Missing character: There is no Ü in font nullfont!
Missing character: There is no è in font nullfont!
Missing character: There is no ç in font nullfont!
Missing character: There is no ô in font nullfont!
Missing character: There is no ç in font nullfont!
Missing character: There is no ò in font nullfont!
Missing character: There is no ê in font nullfont!
Missing character: There is no á in font nullfont!
Missing character: There is no ñ in font nullfont!
Missing character: There is no ä in font nullfont!
Missing character: There is no é in font nullfont!
Missing character: There is no Ü in font nullfont!
Missing character: There is no ò in font nullfont!
Missing character: There is no ì in font nullfont!
Missing character: There is no ï in font nullfont!
Missing character: There is no õ in font nullfont!
Missing character: There is no , in font nullfont!
Missing character: There is no ô in font nullfont!
Missing character: There is no ï in font nullfont!
Missing character: There is no õ in font nullfont!
Missing character: There is no ò in font nullfont!
Missing character: There is no ã in font nullfont!
Missing character: There is no ï in font nullfont!
Missing character: There is no í in font nullfont!
Missing character: There is no å in font nullfont!
Missing character: There is no ß in font nullfont!
Missing character: There is no ò in font nullfont!
Missing character: There is no ì in font nullfont!
Missing character: There is no ï in font nullfont!
Missing character: There is no õ in font nullfont!
Missing character: There is no ã in font nullfont!
Missing character: There is no é in font nullfont!
Missing character: There is no á in font nullfont!
Missing character: There is no ô in font nullfont!
Missing character: There is no ç in font nullfont!
Missing character: There is no í in font nullfont!
Missing character: There is no é in font nullfont!
Missing character: There is no ä in font nullfont!
Missing character: There is no é in font nullfont!
Missing character: There is no á in font nullfont!
Missing character: There is no ß in font nullfont!
Missing character: There is no ô in font nullfont!
Missing character: There is no å in font nullfont!
Missing character: There is no ñ in font nullfont!
Missing character: There is no ç in font nullfont!
Missing character: There is no ó in font nullfont!
Missing character: There is no õ in font nullfont!
Missing character: There is no í in font nullfont!
Missing character: There is no å in font nullfont!
Missing character: There is no é in font nullfont!
Missing character: There is no ó in font nullfont!
Missing character: There is no ö in font nullfont!
Missing character: There is no ï in font nullfont!
Missing character: There is no ñ in font nullfont!
Missing character: There is no Ü in font nullfont!
Missing character: There is no ô in font nullfont!
Missing character: There is no ï in font nullfont!
Missing character: There is no õ in font nullfont!
Missing character: There is no ò in font nullfont!
Missing character: There is no ê in font nullfont!
Missing character: There is no á in font nullfont!
Missing character: There is no é in font nullfont!
Missing character: There is no ô in font nullfont!
Missing character: There is no ç in font nullfont!
Missing character: There is no í in font nullfont!
Missing character: There is no õ in font nullfont!
Missing character: There is no ð in font nullfont!
Missing character: There is no ï in font nullfont!
Missing character: There is no ó in font nullfont!
Missing character: There is no ô in font nullfont!
Missing character: There is no Þ in font nullfont!
Missing character: There is no ñ in font nullfont!
Missing character: There is no é in font nullfont!
Missing character: There is no î in font nullfont!
Missing character: There is no ç in font nullfont!
Missing character: There is no ô in font nullfont!
Missing character: There is no ï in font nullfont!
Missing character: There is no õ in font nullfont!
Missing character: There is no ò in font nullfont!
Missing character: There is no . in font nullfont!
Missing character: There is no Å in font nullfont!
Missing character: There is no ð in font nullfont!
Missing character: There is no ß in font nullfont!
Missing character: There is no ó in font nullfont!
Missing character: There is no ç in font nullfont!
Missing character: There is no ò in font nullfont!
Missing character: There is no , in font nullfont!
Missing character: There is no å in font nullfont!
Missing character: There is no õ in font nullfont!
Missing character: There is no ÷ in font nullfont!
Missing character: There is no á in font nullfont!
Missing character: There is no ñ in font nullfont!
Missing character: There is no é in font nullfont!
Missing character: There is no ó in font nullfont!
Missing character: There is no ô in font nullfont!
Missing character: There is no þ in font nullfont!
Missing character: There is no ð in font nullfont!
Missing character: There is no ï in font nullfont!
Missing character: There is no ë in font nullfont!
Missing character: There is no ý in font nullfont!
Missing character: There is no ô in font nullfont!
Missing character: There is no ç in font nullfont!
Missing character: There is no ó in font nullfont!
Missing character: There is no õ in font nullfont!
Missing character: There is no í in font nullfont!
Missing character: There is no Ü in font nullfont!
Missing character: There is no ä in font nullfont!
Missing character: There is no å in font nullfont!
Missing character: There is no ë in font nullfont!
Missing character: There is no ö in font nullfont!
Missing character: There is no ï in font nullfont!
Missing character: There is no ì in font nullfont!
Missing character: There is no ï in font nullfont!
Missing character: There is no õ in font nullfont!
Missing character: There is no Ô in font nullfont!
Missing character: There is no ñ in font nullfont!
Missing character: There is no é in font nullfont!
Missing character: There is no á in font nullfont!
Missing character: There is no ê in font nullfont!
Missing character: There is no ü in font nullfont!
Missing character: There is no ó in font nullfont!
Missing character: There is no é in font nullfont!
Missing character: There is no á in font nullfont!
Missing character: There is no Á in font nullfont!
Missing character: There is no é in font nullfont!
Missing character: There is no ê in font nullfont!
Missing character: There is no á in font nullfont!
Missing character: There is no ô in font nullfont!
Missing character: There is no å in font nullfont!
Missing character: There is no ñ in font nullfont!
Missing character: There is no ß in font nullfont!
Missing character: There is no í in font nullfont!
Missing character: There is no ç in font nullfont!
Missing character: There is no ã in font nullfont!
Missing character: There is no é in font nullfont!
Missing character: There is no á in font nullfont!
Missing character: There is no ô in font nullfont!
Missing character: There is no ç in font nullfont!
Missing character: There is no â in font nullfont!
Missing character: There is no ï in font nullfont!
Missing character: There is no Þ in font nullfont!
Missing character: There is no è in font nullfont!
Missing character: There is no å in font nullfont!
Missing character: There is no é in font nullfont!
Missing character: There is no á in font nullfont!
Missing character: There is no ô in font nullfont!
Missing character: There is no ç in font nullfont!
Missing character: There is no ò in font nullfont!
Missing character: There is no . in font nullfont!
Missing character: There is no Ô in font nullfont!
Missing character: There is no Ý in font nullfont!
Missing character: There is no ë in font nullfont!
Missing character: There is no ï in font nullfont!
Missing character: There is no ò in font nullfont!
Missing character: There is no , in font nullfont!
Missing character: There is no è in font nullfont!
Missing character: There is no á in font nullfont!
Missing character: There is no Þ in font nullfont!
Missing character: There is no è in font nullfont!
Missing character: There is no å in font nullfont!
Missing character: There is no ë in font nullfont!
Missing character: There is no á in font nullfont!
Missing character: There is no í in font nullfont!
Missing character: There is no á in font nullfont!
Missing character: There is no å in font nullfont!
Missing character: There is no õ in font nullfont!
Missing character: There is no ÷ in font nullfont!
Missing character: There is no á in font nullfont!
Missing character: There is no ñ in font nullfont!
Missing character: There is no é in font nullfont!
Missing character: There is no ó in font nullfont!
Missing character: There is no ô in font nullfont!
Missing character: There is no Þ in font nullfont!
Missing character: There is no ó in font nullfont!
Missing character: There is no ù in font nullfont!
Missing character: There is no ô in font nullfont!
Missing character: There is no á in font nullfont!
Missing character: There is no ì in font nullfont!
Missing character: There is no Ý in font nullfont!
Missing character: There is no ë in font nullfont!
Missing character: There is no ç in font nullfont!
Missing character: There is no ô in font nullfont!
Missing character: There is no ç in font nullfont!
Missing character: There is no ò in font nullfont!
Missing character: There is no ô in font nullfont!
Missing character: There is no ñ in font nullfont!
Missing character: There is no é in font nullfont!
Missing character: There is no ì in font nullfont!
Missing character: There is no å in font nullfont!
Missing character: There is no ë in font nullfont!
Missing character: There is no Þ in font nullfont!
Missing character: There is no ò in font nullfont!
Missing character: There is no å in font nullfont!
Missing character: There is no ð in font nullfont!
Missing character: There is no é in font nullfont!
Missing character: There is no ô in font nullfont!
Missing character: There is no ñ in font nullfont!
Missing character: There is no ï in font nullfont!
Missing character: There is no ð in font nullfont!
Missing character: There is no Þ in font nullfont!
Missing character: There is no ò in font nullfont!
Missing character: There is no , in font nullfont!
Missing character: There is no ê in font nullfont!
Missing character: There is no . in font nullfont!
Missing character: There is no Í in font nullfont!
Missing character: There is no Ü in font nullfont!
Missing character: There is no ó in font nullfont!
Missing character: There is no ô in font nullfont!
Missing character: There is no ï in font nullfont!
Missing character: There is no õ in font nullfont!
Missing character: There is no Ð in font nullfont!
Missing character: There is no á in font nullfont!
Missing character: There is no í in font nullfont!
Missing character: There is no á in font nullfont!
Missing character: There is no ã in font nullfont!
Missing character: There is no é in font nullfont!
Missing character: There is no þ in font nullfont!
Missing character: There is no ô in font nullfont!
Missing character: There is no ç in font nullfont!
Missing character: There is no å in font nullfont!
Missing character: There is no ð in font nullfont!
Missing character: There is no ß in font nullfont!
Missing character: There is no ê in font nullfont!
Missing character: There is no ï in font nullfont!
Missing character: There is no õ in font nullfont!
Missing character: There is no ñ in font nullfont!
Missing character: There is no ï in font nullfont!
Missing character: There is no ê in font nullfont!
Missing character: There is no á in font nullfont!
Missing character: There is no è in font nullfont!
Missing character: There is no ç in font nullfont!
Missing character: There is no ã in font nullfont!
Missing character: There is no ç in font nullfont!
Missing character: There is no ô in font nullfont!
Missing character: There is no Þ in font nullfont!
Missing character: There is no ô in font nullfont!
Missing character: There is no ï in font nullfont!
Missing character: There is no õ in font nullfont!
Missing character: There is no ô in font nullfont!
Missing character: There is no ì in font nullfont!
Missing character: There is no Þ in font nullfont!
Missing character: There is no ì in font nullfont!
Missing character: There is no á in font nullfont!
Missing character: There is no ô in font nullfont!
Missing character: There is no ï in font nullfont!
Missing character: There is no ò in font nullfont!
Missing character: There is no ê in font nullfont!
Missing character: There is no á in font nullfont!
Missing character: There is no é in font nullfont!
Missing character: There is no ô in font nullfont!
Missing character: There is no ï in font nullfont!
Missing character: There is no í in font nullfont!
Missing character: There is no å in font nullfont!
Missing character: There is no ð in font nullfont!
Missing character: There is no ß in font nullfont!
Missing character: There is no ê in font nullfont!
Missing character: There is no ï in font nullfont!
Missing character: There is no õ in font nullfont!
Missing character: There is no ñ in font nullfont!
Missing character: There is no ï in font nullfont!
Missing character: There is no ê in font nullfont!
Missing character: There is no á in font nullfont!
Missing character: There is no è in font nullfont!
Missing character: There is no ç in font nullfont!
Missing character: There is no ã in font nullfont!
Missing character: There is no ç in font nullfont!
Missing character: There is no ô in font nullfont!
Missing character: There is no Þ in font nullfont!
Missing character: There is no ê in font nullfont!
Missing character: There is no . in font nullfont!
Missing character: There is no Ê in font nullfont!
Missing character: There is no ï in font nullfont!
Missing character: There is no ñ in font nullfont!
Missing character: There is no í in font nullfont!
Missing character: There is no Ü in font nullfont!
Missing character: There is no ñ in font nullfont!
Missing character: There is no ï in font nullfont!
Missing character: There is no × in font nullfont!
Missing character: There is no á in font nullfont!
Missing character: There is no ñ in font nullfont!
Missing character: There is no Ü in font nullfont!
Missing character: There is no ë in font nullfont!
Missing character: There is no á in font nullfont!
Missing character: There is no ì in font nullfont!
Missing character: There is no ð in font nullfont!
Missing character: There is no ï in font nullfont!
Missing character: There is no . in font nullfont!
)
! Emergency stop.
<*> ./acknowledgements.tex
                          
*** (job aborted, no legal \end found)

 
Here is how much of TeX's memory you used:
 15 strings out of 493304
 312 string characters out of 3128506
 53823 words of memory out of 3000000
 3664 multiletter control sequences out of 15000+200000
 4595 words of font info for 17 fonts, out of 3000000 for 9000
 1141 hyphenation exceptions out of 8191
 19i,4n,14p,474b,114s stack positions out of 5000i,500n,10000p,200000b,50000s
Output written on acknowledgements.dvi (1 page, 204 bytes).
