This is pdfTeX, Version 3.14159265-2.6-1.40.18 (MiKTeX 2.9.6600 64-bit) (preloaded format=latex 2019.3.4)  10 SEP 2019 00:16
entering extended mode
**./main.tex
(main.tex
LaTeX2e <2017-04-15>
Babel <3.17> and hyphenation patterns for 75 language(s) loaded.
("C:\Users\Katerina\AppData\Local\Programs\MiKTeX 2.9\tex\latex\base\book.cls"
Document Class: book 2014/09/29 v1.4h Standard LaTeX document class
("C:\Users\Katerina\AppData\Local\Programs\MiKTeX 2.9\tex\latex\base\bk12.clo"
File: bk12.clo 2014/09/29 v1.4h Standard LaTeX file (size option)
)
\c@part=\count79
\c@chapter=\count80
\c@section=\count81
\c@subsection=\count82
\c@subsubsection=\count83
\c@paragraph=\count84
\c@subparagraph=\count85
\c@figure=\count86
\c@table=\count87
\abovecaptionskip=\skip41
\belowcaptionskip=\skip42
\bibindent=\dimen102
)
("C:\Users\Katerina\AppData\Local\Programs\MiKTeX 2.9\tex\latex\base\fontenc.st
y"
Package: fontenc 2017/04/05 v2.0i Standard LaTeX package

("C:\Users\Katerina\AppData\Local\Programs\MiKTeX 2.9\tex\latex\base\ot1enc.def
"
File: ot1enc.def 2017/04/05 v2.0i Standard LaTeX file
LaTeX Font Info:    Redeclaring font encoding OT1 on input line 48.
))
("C:\Users\Katerina\AppData\Local\Programs\MiKTeX 2.9\tex\latex\base\inputenc.s
ty"
Package: inputenc 2015/03/17 v1.2c Input encoding file
\inpenc@prehook=\toks14
\inpenc@posthook=\toks15

("C:\Users\Katerina\AppData\Local\Programs\MiKTeX 2.9\tex\latex\greek-inputenc\
iso-8859-7.def"
File: iso-8859-7.def 2000/05/28 v1.2 Greek input encoding file
))
("C:\Users\Katerina\AppData\Local\Programs\MiKTeX 2.9\tex\latex\amsmath\amsmath
.sty"
Package: amsmath 2017/09/02 v2.17a AMS math features
\@mathmargin=\skip43

For additional information on amsmath, use the `?' option.

("C:\Users\Katerina\AppData\Local\Programs\MiKTeX 2.9\tex\latex\amsmath\amstext
.sty"
Package: amstext 2000/06/29 v2.01 AMS text

("C:\Users\Katerina\AppData\Local\Programs\MiKTeX 2.9\tex\latex\amsmath\amsgen.
sty"
File: amsgen.sty 1999/11/30 v2.0 generic functions
\@emptytoks=\toks16
\ex@=\dimen103
))
("C:\Users\Katerina\AppData\Local\Programs\MiKTeX 2.9\tex\latex\amsmath\amsbsy.
sty"
Package: amsbsy 1999/11/29 v1.2d Bold Symbols
\pmbraise@=\dimen104
)
("C:\Users\Katerina\AppData\Local\Programs\MiKTeX 2.9\tex\latex\amsmath\amsopn.
sty"
Package: amsopn 2016/03/08 v2.02 operator names
)
\inf@bad=\count88
LaTeX Info: Redefining \frac on input line 213.
\uproot@=\count89
\leftroot@=\count90
LaTeX Info: Redefining \overline on input line 375.
\classnum@=\count91
\DOTSCASE@=\count92
LaTeX Info: Redefining \ldots on input line 472.
LaTeX Info: Redefining \dots on input line 475.
LaTeX Info: Redefining \cdots on input line 596.
\Mathstrutbox@=\box26
\strutbox@=\box27
\big@size=\dimen105
LaTeX Font Info:    Redeclaring font encoding OML on input line 712.
LaTeX Font Info:    Redeclaring font encoding OMS on input line 713.
\macc@depth=\count93
\c@MaxMatrixCols=\count94
\dotsspace@=\muskip10
\c@parentequation=\count95
\dspbrk@lvl=\count96
\tag@help=\toks17
\row@=\count97
\column@=\count98
\maxfields@=\count99
\andhelp@=\toks18
\eqnshift@=\dimen106
\alignsep@=\dimen107
\tagshift@=\dimen108
\tagwidth@=\dimen109
\totwidth@=\dimen110
\lineht@=\dimen111
\@envbody=\toks19
\multlinegap=\skip44
\multlinetaggap=\skip45
\mathdisplay@stack=\toks20
LaTeX Info: Redefining \[ on input line 2817.
LaTeX Info: Redefining \] on input line 2818.
)
("C:\Users\Katerina\AppData\Local\Programs\MiKTeX 2.9\tex\generic\babel\babel.s
ty"
Package: babel 2018/01/24 3.17 The Babel package

("C:\Users\Katerina\AppData\Local\Programs\MiKTeX 2.9\tex\generic\babel\switch.
def"
File: switch.def 2018/01/24 3.17 Babel switching mechanism
)
*************************************
* Local config file bblopts.cfg used
*

("C:\Users\Katerina\AppData\Local\Programs\MiKTeX 2.9\tex\latex\arabi\bblopts.c
fg"
File: bblopts.cfg 2005/09/08 v0.1 add Arabic and Farsi to "declared" options of
 babel
)
("C:\Users\Katerina\AppData\Local\Programs\MiKTeX 2.9\tex\latex\babel-english\e
nglish.ldf"
Language: english 2017/06/06 v3.3r English support from the babel system

("C:\Users\Katerina\AppData\Local\Programs\MiKTeX 2.9\tex\generic\babel\babel.d
ef"
File: babel.def 2018/01/24 3.17 Babel common definitions

("C:\Users\Katerina\AppData\Local\Programs\MiKTeX 2.9\tex\generic\babel\switch.
def"
File: switch.def 2018/01/24 3.17 Babel switching mechanism
)
\babel@savecnt=\count100
\U@D=\dimen112

("C:\Users\Katerina\AppData\Local\Programs\MiKTeX 2.9\tex\generic\babel\txtbabe
l.def")
\bbl@dirlevel=\count101
)
\l@canadian = a dialect from \language\l@american 
\l@australian = a dialect from \language\l@british 
\l@newzealand = a dialect from \language\l@british 
)
("C:\Users\Katerina\AppData\Local\Programs\MiKTeX 2.9\tex\latex\babel-greek\gre
ek.ldf"
Language: greek 2016/09/07 v1.9g Greek support for the babel system
\bbl@monogreek=\count102
\bbl@polygreek=\count103
\bbl@ancientgreek=\count104

("C:\Users\Katerina\AppData\Local\Programs\MiKTeX 2.9\tex\latex\greek-fontenc\l
grenc.def"
File: lgrenc.def 2015/12/07 v0.13.1 LGR Greek font encoding definitions

("C:\Users\Katerina\AppData\Local\Programs\MiKTeX 2.9\tex\latex\greek-fontenc\g
reek-fontenc.def"
File: greek-fontenc.def 2015/08/04 v0.13 Common Greek font encoding definitions

))
LaTeX Info: Composite with undeclared \< in encoding LGR on input line 418.
LaTeX Info: Composite with undeclared \> in encoding LGR on input line 418.
))
("C:\Users\Katerina\AppData\Local\Programs\MiKTeX 2.9\tex\latex\graphics\graphi
cx.sty"
Package: graphicx 2017/06/01 v1.1a Enhanced LaTeX Graphics (DPC,SPQR)

("C:\Users\Katerina\AppData\Local\Programs\MiKTeX 2.9\tex\latex\graphics\keyval
.sty"
Package: keyval 2014/10/28 v1.15 key=value parser (DPC)
\KV@toks@=\toks21
)
("C:\Users\Katerina\AppData\Local\Programs\MiKTeX 2.9\tex\latex\graphics\graphi
cs.sty"
Package: graphics 2017/06/25 v1.2c Standard LaTeX Graphics (DPC,SPQR)

("C:\Users\Katerina\AppData\Local\Programs\MiKTeX 2.9\tex\latex\graphics\trig.s
ty"
Package: trig 2016/01/03 v1.10 sin cos tan (DPC)
)
("C:\Users\Katerina\AppData\Local\Programs\MiKTeX 2.9\tex\latex\graphics-cfg\gr
aphics.cfg"
File: graphics.cfg 2016/06/04 v1.11 sample graphics configuration
)
Package graphics Info: Driver file: dvips.def on input line 99.

("C:\Users\Katerina\AppData\Local\Programs\MiKTeX 2.9\tex\latex\graphics-def\dv
ips.def"
File: dvips.def 2017/06/20 v3.1d Graphics/color driver for dvips
))
\Gin@req@height=\dimen113
\Gin@req@width=\dimen114
)
("C:\Users\Katerina\AppData\Local\Programs\MiKTeX 2.9\tex\latex\geometry\geomet
ry.sty"
Package: geometry 2010/09/12 v5.6 Page Geometry

("C:\Users\Katerina\AppData\Local\Programs\MiKTeX 2.9\tex\generic\oberdiek\ifpd
f.sty"
Package: ifpdf 2017/03/15 v3.2 Provides the ifpdf switch
)
("C:\Users\Katerina\AppData\Local\Programs\MiKTeX 2.9\tex\generic\oberdiek\ifvt
ex.sty"
Package: ifvtex 2016/05/16 v1.6 Detect VTeX and its facilities (HO)
Package ifvtex Info: VTeX not detected.
)
("C:\Users\Katerina\AppData\Local\Programs\MiKTeX 2.9\tex\generic\ifxetex\ifxet
ex.sty"
Package: ifxetex 2010/09/12 v0.6 Provides ifxetex conditional
)
\Gm@cnth=\count105
\Gm@cntv=\count106
\c@Gm@tempcnt=\count107
\Gm@bindingoffset=\dimen115
\Gm@wd@mp=\dimen116
\Gm@odd@mp=\dimen117
\Gm@even@mp=\dimen118
\Gm@layoutwidth=\dimen119
\Gm@layoutheight=\dimen120
\Gm@layouthoffset=\dimen121
\Gm@layoutvoffset=\dimen122
\Gm@dimlist=\toks22

("C:\Users\Katerina\AppData\Local\Programs\MiKTeX 2.9\tex\latex\geometry\geomet
ry.cfg"))
("C:\Users\Katerina\AppData\Local\Programs\MiKTeX 2.9\tex\latex\tools\afterpage
.sty"
Package: afterpage 2014/10/28 v1.08 After-Page Package (DPC)
\AP@output=\toks23
\AP@partial=\box28
\AP@footins=\box29
)
("C:\Users\Katerina\AppData\Local\Programs\MiKTeX 2.9\tex\latex\listings\listin
gs.sty"
\lst@mode=\count108
\lst@gtempboxa=\box30
\lst@token=\toks24
\lst@length=\count109
\lst@currlwidth=\dimen123
\lst@column=\count110
\lst@pos=\count111
\lst@lostspace=\dimen124
\lst@width=\dimen125
\lst@newlines=\count112
\lst@lineno=\count113
\lst@maxwidth=\dimen126

("C:\Users\Katerina\AppData\Local\Programs\MiKTeX 2.9\tex\latex\listings\lstmis
c.sty"
File: lstmisc.sty 2019/02/27 1.8b (Carsten Heinz)
\c@lstnumber=\count114
\lst@skipnumbers=\count115
\lst@framebox=\box31
)
("C:\Users\Katerina\AppData\Local\Programs\MiKTeX 2.9\tex\latex\listings\listin
gs.cfg"
File: listings.cfg 2019/02/27 1.8b listings configuration
))
Package: listings 2019/02/27 1.8b (Carsten Heinz)

("C:\Users\Katerina\AppData\Local\Programs\MiKTeX 2.9\tex\latex\tools\tabularx.
sty"
Package: tabularx 2016/02/03 v2.11 `tabularx' package (DPC)

("C:\Users\Katerina\AppData\Local\Programs\MiKTeX 2.9\tex\latex\tools\array.sty
"
Package: array 2016/10/06 v2.4d Tabular extension package (FMi)
\col@sep=\dimen127
\extrarowheight=\dimen128
\NC@list=\toks25
\extratabsurround=\skip46
\backup@length=\skip47
)
\TX@col@width=\dimen129
\TX@old@table=\dimen130
\TX@old@col=\dimen131
\TX@target=\dimen132
\TX@delta=\dimen133
\TX@cols=\count116
\TX@ftn=\toks26
)
("C:\Users\Katerina\AppData\Local\Programs\MiKTeX 2.9\tex\latex\ms\ragged2e.sty
"
Package: ragged2e 2009/05/21 v2.1 ragged2e Package (MS)

("C:\Users\Katerina\AppData\Local\Programs\MiKTeX 2.9\tex\latex\ms\everysel.sty
"
Package: everysel 2011/10/28 v1.2 EverySelectfont Package (MS)
)
\CenteringLeftskip=\skip48
\RaggedLeftLeftskip=\skip49
\RaggedRightLeftskip=\skip50
\CenteringRightskip=\skip51
\RaggedLeftRightskip=\skip52
\RaggedRightRightskip=\skip53
\CenteringParfillskip=\skip54
\RaggedLeftParfillskip=\skip55
\RaggedRightParfillskip=\skip56
\JustifyingParfillskip=\skip57
\CenteringParindent=\skip58
\RaggedLeftParindent=\skip59
\RaggedRightParindent=\skip60
\JustifyingParindent=\skip61
)
("C:\Users\Katerina\AppData\Local\Programs\MiKTeX 2.9\tex\latex\booktabs\bookta
bs.sty"
Package: booktabs 2005/04/14 v1.61803 publication quality tables
\heavyrulewidth=\dimen134
\lightrulewidth=\dimen135
\cmidrulewidth=\dimen136
\belowrulesep=\dimen137
\belowbottomsep=\dimen138
\aboverulesep=\dimen139
\abovetopsep=\dimen140
\cmidrulesep=\dimen141
\cmidrulekern=\dimen142
\defaultaddspace=\dimen143
\@cmidla=\count117
\@cmidlb=\count118
\@aboverulesep=\dimen144
\@belowrulesep=\dimen145
\@thisruleclass=\count119
\@lastruleclass=\count120
\@thisrulewidth=\dimen146
)
("C:\Users\Katerina\AppData\Local\Programs\MiKTeX 2.9\tex\latex\caption\caption
.sty"
Package: caption 2018/10/06 v3.3-154 Customizing captions (AR)

("C:\Users\Katerina\AppData\Local\Programs\MiKTeX 2.9\tex\latex\caption\caption
3.sty"
Package: caption3 2018/09/12 v1.8c caption3 kernel (AR)
Package caption3 Info: TeX engine: e-TeX on input line 64.
\captionmargin=\dimen147
\captionmargin@=\dimen148
\captionwidth=\dimen149
\caption@tempdima=\dimen150
\caption@indent=\dimen151
\caption@parindent=\dimen152
\caption@hangindent=\dimen153
)
\c@caption@flags=\count121
\c@ContinuedFloat=\count122
Package caption Info: listings package is loaded.
)
("C:\Users\Katerina\AppData\Local\Programs\MiKTeX 2.9\tex\latex\appendix\append
ix.sty"
Package: appendix 2009/09/02 v1.2b extra appendix facilities
\c@@pps=\count123
\c@@ppsavesec=\count124
\c@@ppsaveapp=\count125
)
\c@definition=\count126
\c@theo=\count127


LaTeX Warning: Unused global option(s):
    [twosided].

(main.aux (cover.aux)
LaTeX Font Info:    Try loading font information for LGR+cmr on input line 3.

("C:\Users\Katerina\AppData\Local\Programs\MiKTeX 2.9\tex\latex\cbfonts-fd\lgrc
mr.fd"
File: lgrcmr.fd 2017/07/29 v1.2 Greek European Computer Regular
) (acknowledgements.aux) (chapter1.aux) (chapter2.aux) (chapter3.aux)
(chapter4.aux) (chapter5.aux

LaTeX Warning: Label `code_notes' multiply defined.


LaTeX Warning: Label `code_notes1' multiply defined.

))
\openout1 = `main.aux'.

LaTeX Font Info:    Checking defaults for OML/cmm/m/it on input line 48.
LaTeX Font Info:    ... okay on input line 48.
LaTeX Font Info:    Checking defaults for T1/cmr/m/n on input line 48.
LaTeX Font Info:    ... okay on input line 48.
LaTeX Font Info:    Checking defaults for OT1/cmr/m/n on input line 48.
LaTeX Font Info:    ... okay on input line 48.
LaTeX Font Info:    Checking defaults for OMS/cmsy/m/n on input line 48.
LaTeX Font Info:    ... okay on input line 48.
LaTeX Font Info:    Checking defaults for OMX/cmex/m/n on input line 48.
LaTeX Font Info:    ... okay on input line 48.
LaTeX Font Info:    Checking defaults for U/cmr/m/n on input line 48.
LaTeX Font Info:    ... okay on input line 48.
LaTeX Font Info:    Checking defaults for LGR/cmr/m/n on input line 48.
LaTeX Font Info:    ... okay on input line 48.

*geometry* driver: auto-detecting
*geometry* detected driver: dvips
*geometry* verbose mode - [ preamble ] result:
* driver: dvips
* paper: a4paper
* layout: <same size as paper>
* layoutoffset:(h,v)=(0.0pt,0.0pt)
* modes: twoside 
* h-part:(L,W,R)=(71.70166pt, 418.25368pt, 107.55254pt)
* v-part:(T,H,B)=(101.40665pt, 591.5302pt, 152.11pt)
* \paperwidth=597.50787pt
* \paperheight=845.04684pt
* \textwidth=418.25368pt
* \textheight=591.5302pt
* \oddsidemargin=-0.56833pt
* \evensidemargin=35.28255pt
* \topmargin=-2.73714pt
* \headheight=12.0pt
* \headsep=19.8738pt
* \topskip=12.0pt
* \footskip=30.0pt
* \marginparwidth=88.0pt
* \marginparsep=7.0pt
* \columnsep=10.0pt
* \skip\footins=10.8pt plus 4.0pt minus 2.0pt
* \hoffset=0.0pt
* \voffset=0.0pt
* \mag=1000
* \@twocolumnfalse
* \@twosidetrue
* \@mparswitchtrue
* \@reversemarginfalse
* (1in=72.27pt=25.4mm, 1cm=28.453pt)

\c@lstlisting=\count128
ABD: EverySelectfont initializing macros
LaTeX Info: Redefining \selectfont on input line 48.
Package caption Info: Begin \AtBeginDocument code.
Package caption Info: End \AtBeginDocument code.
\openout2 = `cover.aux'.

 (cover.tex
*geometry* verbose mode - [ newgeometry ] result:
* driver: dvips
* paper: a4paper
* layout: <same size as paper>
* layoutoffset:(h,v)=(0.0pt,0.0pt)
* hratio: 1:1
* vratio: 1:1
* modes: twoside 
* h-part:(L,W,R)=(89.62709pt, 418.25368pt, 89.6271pt)
* v-part:(T,H,B)=(126.75832pt, 591.5302pt, 126.75833pt)
* \paperwidth=597.50787pt
* \paperheight=845.04684pt
* \textwidth=418.25368pt
* \textheight=591.5302pt
* \oddsidemargin=17.3571pt
* \evensidemargin=17.35712pt
* \topmargin=22.61453pt
* \headheight=12.0pt
* \headsep=19.8738pt
* \topskip=12.0pt
* \footskip=30.0pt
* \marginparwidth=88.0pt
* \marginparsep=7.0pt
* \columnsep=10.0pt
* \skip\footins=10.8pt plus 4.0pt minus 2.0pt
* \hoffset=0.0pt
* \voffset=0.0pt
* \mag=1000
* \@twocolumnfalse
* \@twosidetrue
* \@mparswitchtrue
* \@reversemarginfalse
* (1in=72.27pt=25.4mm, 1cm=28.453pt)

File: PaAi.eps Graphic file (type eps)
 <PaAi.eps>
Underfull \hbox (badness 10000) in paragraph at lines 20--21

 []


Underfull \hbox (badness 10000) in paragraph at lines 24--37

 []

[1





]) [2



]
\openout2 = `acknowledgements.aux'.

 (acknowledgements.tex [3]) [4] (main.toc [5


]
LaTeX Info: Redefining \anw@print on input line 575.
)
\tf@toc=\write3
\openout3 = `main.toc'.

 [6] (main.lof)
\tf@lof=\write4
\openout4 = `main.lof'.

 [7

]
[8

] (main.lot)
\tf@lot=\write5
\openout5 = `main.lot'.

 [9] [10

]
Underfull \hbox (badness 10000) in paragraph at lines 64--66

 []

[11] [12

]
\openout2 = `chapter1.aux'.

 (chapter1.tex
\textKappa \textepsilon \textphi \acctonos \textalpha \textlambda \textalpha \t
extiota \textomicron  1.
LaTeX Font Info:    Try loading font information for OMS+cmr on input line 2.
("C:\Users\Katerina\AppData\Local\Programs\MiKTeX 2.9\tex\latex\base\omscmr.fd"
File: omscmr.fd 2014/09/29 v2.5h Standard LaTeX font definitions
)
LaTeX Font Info:    Font shape `OMS/cmr/m/n' in size <12> not available
(Font)              Font shape `OMS/cmsy/m/n' tried instead on input line 2.
 [1


] [2]
Underfull \hbox (badness 10000) in paragraph at lines 35--36

 []

[3]
Underfull \hbox (badness 10000) in paragraph at lines 45--47

 []


Underfull \hbox (badness 10000) in paragraph at lines 59--60

 []

) [4] [5]
\openout2 = `chapter2.aux'.

 (chapter2.tex [6



]
\textKappa \textepsilon \textphi \acctonos \textalpha \textlambda \textalpha \t
extiota \textomicron  2.
[7] [8]
Underfull \hbox (badness 10000) in paragraph at lines 32--33

 []

[9]
Overfull \hbox (3.71939pt too wide) in paragraph at lines 34--35
[]\LGR/cmr/bx/n/12 Exagwg'h ka-ta-ker-ma-ti-sm'e-nwn qa-ra-kt'h-rwn kai qa-ra-k
t'h-rwn pou
 []

[10]
Underfull \hbox (badness 10000) in paragraph at lines 62--63

 []

[11] [12] [13]
Underfull \vbox (badness 5091) has occurred while \output is active []

 [14])
[15]
\openout2 = `chapter3.aux'.

 (chapter3.tex [16



]
\textKappa \textepsilon \textphi \acctonos \textalpha \textlambda \textalpha \t
extiota \textomicron  3.
[17] [18] [19] [20] [21]) [22]
\openout2 = `chapter4.aux'.

 (chapter4.tex
\textKappa \textepsilon \textphi \acctonos \textalpha \textlambda \textalpha \t
extiota \textomicron  4.

Overfull \hbox (6.30623pt too wide) in paragraph at lines 2--2
[]\LGR/cmr/bx/n/17.28 Mhqan'es Dia-nu-sm'a-twn U-po-st'h-ri-xhs ([][]\OT1/cmr/b
x/n/17.28 Sup-
 []

File: grafpara.eps Graphic file (type eps)
<grafpara.eps> [23



]
File: grafpara_2.eps Graphic file (type eps)
 <grafpara_2.eps>
Underfull \vbox (badness 2426) has occurred while \output is active []

 [24]
Underfull \vbox (badness 10000) has occurred while \output is active []

 [25]
File: line_role.eps Graphic file (type eps)

<line_role.eps>
Underfull \hbox (badness 10000) in paragraph at lines 37--38

 []

[26]
Underfull \hbox (badness 10000) in paragraph at lines 43--44

 []

[27]
Underfull \hbox (badness 10000) in paragraph at lines 46--47

 []


Underfull \hbox (badness 10000) in paragraph at lines 49--50

 []

File: hyper.eps Graphic file (type eps)
<hyper.eps>
Underfull \hbox (badness 10000) in paragraph at lines 60--62

 []

[28]
Underfull \hbox (badness 10000) in paragraph at lines 72--73

 []


Underfull \hbox (badness 10000) in paragraph at lines 77--78

 []

[29]
Underfull \hbox (badness 10000) in paragraph at lines 82--83

 []


Underfull \hbox (badness 10000) in paragraph at lines 88--89

 []

[30]
Underfull \hbox (badness 10000) in paragraph at lines 96--97

 []


Underfull \hbox (badness 10000) in paragraph at lines 98--100

 []


Underfull \hbox (badness 10000) in paragraph at lines 104--105

 []


Underfull \hbox (badness 10000) in paragraph at lines 109--110

 []

[31]
Underfull \hbox (badness 10000) in paragraph at lines 113--115

 []


Underfull \hbox (badness 10000) in paragraph at lines 117--120

 []


Underfull \hbox (badness 10000) in paragraph at lines 121--123

 []


Underfull \hbox (badness 10000) in paragraph at lines 123--125

 []


Underfull \hbox (badness 10000) in paragraph at lines 125--127

 []


Underfull \hbox (badness 10000) in paragraph at lines 127--129

 []


Underfull \hbox (badness 10000) in paragraph at lines 131--133

 []


Underfull \hbox (badness 10000) in paragraph at lines 133--134

 []

[32]
Underfull \hbox (badness 10000) in paragraph at lines 142--143

 []


Underfull \hbox (badness 10000) in paragraph at lines 147--148

 []

[33]
Underfull \hbox (badness 10000) in paragraph at lines 151--152

 []


Underfull \hbox (badness 10000) in paragraph at lines 155--156

 []


Underfull \hbox (badness 10000) in paragraph at lines 164--166

 []


Underfull \hbox (badness 10000) in paragraph at lines 166--168

 []


Underfull \hbox (badness 10000) in paragraph at lines 170--171

 []

[34]
Underfull \hbox (badness 10000) in paragraph at lines 175--176

 []

[35]
Underfull \hbox (badness 10000) in paragraph at lines 187--188

 []


Underfull \hbox (badness 10000) in paragraph at lines 192--194

 []


Underfull \hbox (badness 10000) in paragraph at lines 200--201

 []

[36]
Underfull \hbox (badness 10000) in paragraph at lines 217--219

 []


Underfull \hbox (badness 10000) in paragraph at lines 224--225

 []


Package amsmath Warning: Foreign command \atopwithdelims;
(amsmath)                \frac or \genfrac should be used instead
(amsmath)                 on input line 245.


Underfull \hbox (badness 10000) in paragraph at lines 243--246

 []

[37]
Underfull \hbox (badness 10000) in paragraph at lines 246--249

 []


Underfull \hbox (badness 10000) in paragraph at lines 251--254

 []


Underfull \hbox (badness 10000) in paragraph at lines 254--255

 []


Underfull \vbox (badness 10000) has occurred while \output is active []

 [38]
Underfull \hbox (badness 10000) in paragraph at lines 264--265

 []


Overfull \hbox (9.7797pt too wide) in paragraph at lines 268--269
\LGR/cmr/m/it/12 'e-gku-ros pu-r'h-nas [][]\OT1/cmr/m/it/12 Mer-cer[] []\LGR/cm
r/m/it/12 e'i-nai a-na-gka'i-o kai e-par-k'es 'o-ti gia k'a-je $[]$,
 []


Overfull \hbox (46.34375pt too wide) in paragraph at lines 271--271
[]\LGR/cmr/bx/n/14.4 Kanonikopo'ihsh Kai Pe-r'i-ptw-sh Mh-Diaqwrisim'othtas 
 []

File: separate_1.eps Graphic file (type eps)
<separate_1.eps>
File: separate_2.eps Graphic file (type eps)
 <separate_2.eps>
Underfull \hbox (badness 10000) in paragraph at lines 290--291

 []

[39]
Underfull \hbox (badness 10000) in paragraph at lines 292--294

 []


Underfull \hbox (badness 10000) in paragraph at lines 294--295

 []


Underfull \hbox (badness 10000) in paragraph at lines 297--298

 []


Underfull \hbox (badness 10000) in paragraph at lines 300--301

 []

[40]
Underfull \hbox (badness 10000) in paragraph at lines 302--304

 []


Underfull \hbox (badness 10000) in paragraph at lines 304--305

 []


Underfull \hbox (badness 10000) in paragraph at lines 307--308

 []


Underfull \hbox (badness 10000) in paragraph at lines 308--309

 []


Underfull \hbox (badness 10000) in paragraph at lines 309--310

 []

[41]
Underfull \hbox (badness 10000) in paragraph at lines 315--316

 []

) [42]
\openout2 = `chapter5.aux'.

 (chapter5.tex
\textKappa \textepsilon \textphi \acctonos \textalpha \textlambda \textalpha \t
extiota \textomicron  5.
[43



]
Overfull \hbox (5.55627pt too wide) in paragraph at lines 12--13
\LGR/cmr/m/n/12 lei-tour-g'i-a tou [][]\OT1/cmr/m/n/12 script[] []\LGR/cmr/m/n/
12 se di'a-fo-ra lei-tour-gi-k'a su-st'h-ma-ta ([][]\OT1/cmr/m/n/12 windows,uni
x-linux,macos[][]\LGR/cmr/m/n/12 ).
 []

File: NOTES.eps Graphic file (type eps)
<NOTES.eps> [44]
Underfull \vbox (badness 10000) has occurred while \output is active []

 [45]
Underfull \hbox (badness 10000) in paragraph at lines 44--45

 []

[46]
Underfull \hbox (badness 10000) in paragraph at lines 69--70

 []


Package caption Warning: \captionsetup{type*=...} or \captionof
(caption)                outside box or environment on input line 73.
See the caption package documentation for explanation.


Underfull \hbox (badness 10000) in paragraph at lines 94--95

 []

[47]
File: code_notes.eps Graphic file (type eps)
 <code_notes.eps>
File: code_notes1.eps Graphic file (type eps)
 <code_notes1.eps>
Overfull \hbox (83.65584pt too wide) in paragraph at lines 125--137
 []$[]$$[]$ 
 []

File: code_notes1_re.eps Graphic file (type eps)
<code_notes1_re.eps>
File: code_notes_re.eps Graphic file (type eps)
 <code_notes_re.eps>
Overfull \hbox (83.65584pt too wide) in paragraph at lines 141--153
 []$[]$$[]$ 
 []

[48]) [49] [50


] [51] [52

] [53] [54]
Par'arthma \MakeUppercase {\textalpha \anw@true \anw@print \relax }.
LaTeX Info: Redefining \anw@print on input line 142.

("C:\Users\Katerina\AppData\Local\Programs\MiKTeX 2.9\tex\latex\listings\lstlan
g1.sty"
File: lstlang1.sty 2019/02/27 1.8b listings language file
)
LaTeX Font Info:    Font shape `OMS/cmr/m/it' in size <12> not available
(Font)              Font shape `OMS/cmsy/m/n' tried instead on input line 149.

Overfull \hbox (68.19548pt too wide) in paragraph at lines 150--151
[][][][][][][][][][][][][][][][][][][][][][][][][] 
 []


Overfull \hbox (61.1455pt too wide) in paragraph at lines 152--154
[][][][][][][][][][][][][][][][][][][][][] 
 []


Underfull \vbox (badness 10000) has occurred while \output is active []

 [55

]
Overfull \hbox (47.04552pt too wide) in paragraph at lines 184--185
[][][][][][][][][][][][][][][] 
 []


Overfull \hbox (4.74559pt too wide) in paragraph at lines 190--191
[][][][][][][][][][][][][][][][][][][][][][][][][] 
 []


Overfull \hbox (4.74559pt too wide) in paragraph at lines 191--193
[][][][][][][][][][][][][][][][][][][][][][][][][] 
 []


Overfull \hbox (32.94554pt too wide) in paragraph at lines 211--212
[][][][][][][][][][][][][][][][][][][][][][] 
 []


Underfull \vbox (badness 10000) has occurred while \output is active []

 [56]
Overfull \hbox (25.89555pt too wide) in paragraph at lines 216--217
[][][][][][][][][][][][][][][][][][][] 
 []

LaTeX Font Info:    Try loading font information for OML+cmr on input line 219.

("C:\Users\Katerina\AppData\Local\Programs\MiKTeX 2.9\tex\latex\base\omlcmr.fd"
File: omlcmr.fd 2014/09/29 v2.5h Standard LaTeX font definitions
)
LaTeX Font Info:    Font shape `OML/cmr/m/n' in size <12> not available
(Font)              Font shape `OML/cmm/m/it' tried instead on input line 219.

Overfull \hbox (18.84557pt too wide) in paragraph at lines 237--238
[][][][][][][][][][][][][][][][][][][] 
 []


Underfull \vbox (badness 10000) has occurred while \output is active []

 [57]
LaTeX Font Info:    Font shape `OML/cmr/m/it' in size <12> not available
(Font)              Font shape `OML/cmm/m/it' tried instead on input line 254.

Overfull \hbox (11.79558pt too wide) in paragraph at lines 283--284
[][][][][][][][][][][][][][] 
 []


Underfull \vbox (badness 10000) has occurred while \output is active []

 [58]
Overfull \hbox (4.74559pt too wide) in paragraph at lines 294--295
[][][][][][][][][][][][][][][][] 
 []


Overfull \hbox (18.84557pt too wide) in paragraph at lines 312--313
[][][][][][][][][][][][][][] 
 []


Underfull \vbox (badness 10000) has occurred while \output is active []

 [59]
Overfull \hbox (39.99553pt too wide) in paragraph at lines 338--339
[][][][][][][][][][][][][][][][][][][][][][][][][][] 
 []


Overfull \hbox (39.99553pt too wide) in paragraph at lines 339--340
[][][][][][][][][][][][][][][] 
 []


Overfull \hbox (47.04552pt too wide) in paragraph at lines 340--341
[][][][][][][][][][][][][][][][][][][][][][][][][][] 
 []


Underfull \vbox (badness 10000) has occurred while \output is active []

 [60]
[61] (main.aux (cover.aux) (acknowledgements.aux) (chapter1.aux) (chapter2.aux)
(chapter3.aux) (chapter4.aux) (chapter5.aux))

LaTeX Warning: There were multiply-defined labels.

 ) 
Here is how much of TeX's memory you used:
 6881 strings out of 493304
 103011 string characters out of 3128506
 364832 words of memory out of 3000000
 10266 multiletter control sequences out of 15000+200000
 22396 words of font info for 49 fonts, out of 3000000 for 9000
 1141 hyphenation exceptions out of 8191
 36i,11n,42p,1891b,1926s stack positions out of 5000i,500n,10000p,200000b,50000s

Output written on main.dvi (73 pages, 207332 bytes).
